CRITICAL - 2020-11-15 19:55:31 --> array_slice() expects parameter 1 to be array, null given
#0 [internal function]: CodeIgniter\Debug\Exceptions->errorHandler(2, 'array_slice() e...', 'D:\\xampp\\htdocs...', 23, Array)
#1 D:\xampp\htdocs\assignment1\app\Controllers\Paris.php(23): array_slice(NULL, 1, 2)
#2 D:\xampp\htdocs\assignment1\system\CodeIgniter.php(914): App\Controllers\Paris->index()
#3 D:\xampp\htdocs\assignment1\system\CodeIgniter.php(400): CodeIgniter\CodeIgniter->runController(Object(App\Controllers\Paris))
#4 D:\xampp\htdocs\assignment1\system\CodeIgniter.php(308): CodeIgniter\CodeIgniter->handleRequest(NULL, Object(Config\Cache), false)
#5 D:\xampp\htdocs\assignment1\public\index.php(45): CodeIgniter\CodeIgniter->run()
#6 {main}
CRITICAL - 2020-11-15 19:56:56 --> Undefined variable: places
#0 D:\xampp\htdocs\assignment1\app\Controllers\Paris.php(22): CodeIgniter\Debug\Exceptions->errorHandler(8, 'Undefined varia...', 'D:\\xampp\\htdocs...', 22, Array)
#1 D:\xampp\htdocs\assignment1\system\CodeIgniter.php(914): App\Controllers\Paris->index()
#2 D:\xampp\htdocs\assignment1\system\CodeIgniter.php(400): CodeIgniter\CodeIgniter->runController(Object(App\Controllers\Paris))
#3 D:\xampp\htdocs\assignment1\system\CodeIgniter.php(308): CodeIgniter\CodeIgniter->handleRequest(NULL, Object(Config\Cache), false)
#4 D:\xampp\htdocs\assignment1\public\index.php(45): CodeIgniter\CodeIgniter->run()
#5 {main}
CRITICAL - 2020-11-15 19:57:29 --> Undefined variable: places
#0 D:\xampp\htdocs\assignment1\app\Controllers\Paris.php(22): CodeIgniter\Debug\Exceptions->errorHandler(8, 'Undefined varia...', 'D:\\xampp\\htdocs...', 22, Array)
#1 D:\xampp\htdocs\assignment1\system\CodeIgniter.php(914): App\Controllers\Paris->index()
#2 D:\xampp\htdocs\assignment1\system\CodeIgniter.php(400): CodeIgniter\CodeIgniter->runController(Object(App\Controllers\Paris))
#3 D:\xampp\htdocs\assignment1\system\CodeIgniter.php(308): CodeIgniter\CodeIgniter->handleRequest(NULL, Object(Config\Cache), false)
#4 D:\xampp\htdocs\assignment1\public\index.php(45): CodeIgniter\CodeIgniter->run()
#5 {main}
CRITICAL - 2020-11-15 19:57:30 --> Undefined variable: places
#0 D:\xampp\htdocs\assignment1\app\Controllers\Paris.php(22): CodeIgniter\Debug\Exceptions->errorHandler(8, 'Undefined varia...', 'D:\\xampp\\htdocs...', 22, Array)
#1 D:\xampp\htdocs\assignment1\system\CodeIgniter.php(914): App\Controllers\Paris->index()
#2 D:\xampp\htdocs\assignment1\system\CodeIgniter.php(400): CodeIgniter\CodeIgniter->runController(Object(App\Controllers\Paris))
#3 D:\xampp\htdocs\assignment1\system\CodeIgniter.php(308): CodeIgniter\CodeIgniter->handleRequest(NULL, Object(Config\Cache), false)
#4 D:\xampp\htdocs\assignment1\public\index.php(45): CodeIgniter\CodeIgniter->run()
#5 {main}
CRITICAL - 2020-11-15 19:59:24 --> Undefined variable: Player
#0 D:\xampp\htdocs\assignment1\app\Controllers\Paris.php(22): CodeIgniter\Debug\Exceptions->errorHandler(8, 'Undefined varia...', 'D:\\xampp\\htdocs...', 22, Array)
#1 D:\xampp\htdocs\assignment1\system\CodeIgniter.php(914): App\Controllers\Paris->index()
#2 D:\xampp\htdocs\assignment1\system\CodeIgniter.php(400): CodeIgniter\CodeIgniter->runController(Object(App\Controllers\Paris))
#3 D:\xampp\htdocs\assignment1\system\CodeIgniter.php(308): CodeIgniter\CodeIgniter->handleRequest(NULL, Object(Config\Cache), false)
#4 D:\xampp\htdocs\assignment1\public\index.php(45): CodeIgniter\CodeIgniter->run()
#5 {main}
CRITICAL - 2020-11-15 20:00:50 --> Undefined variable: Player
#0 D:\xampp\htdocs\assignment1\app\Controllers\Paris.php(22): CodeIgniter\Debug\Exceptions->errorHandler(8, 'Undefined varia...', 'D:\\xampp\\htdocs...', 22, Array)
#1 D:\xampp\htdocs\assignment1\system\CodeIgniter.php(914): App\Controllers\Paris->index()
#2 D:\xampp\htdocs\assignment1\system\CodeIgniter.php(400): CodeIgniter\CodeIgniter->runController(Object(App\Controllers\Paris))
#3 D:\xampp\htdocs\assignment1\system\CodeIgniter.php(308): CodeIgniter\CodeIgniter->handleRequest(NULL, Object(Config\Cache), false)
#4 D:\xampp\htdocs\assignment1\public\index.php(45): CodeIgniter\CodeIgniter->run()
#5 {main}
CRITICAL - 2020-11-15 20:00:55 --> Undefined variable: Player
#0 D:\xampp\htdocs\assignment1\app\Controllers\Paris.php(22): CodeIgniter\Debug\Exceptions->errorHandler(8, 'Undefined varia...', 'D:\\xampp\\htdocs...', 22, Array)
#1 D:\xampp\htdocs\assignment1\system\CodeIgniter.php(914): App\Controllers\Paris->index()
#2 D:\xampp\htdocs\assignment1\system\CodeIgniter.php(400): CodeIgniter\CodeIgniter->runController(Object(App\Controllers\Paris))
#3 D:\xampp\htdocs\assignment1\system\CodeIgniter.php(308): CodeIgniter\CodeIgniter->handleRequest(NULL, Object(Config\Cache), false)
#4 D:\xampp\htdocs\assignment1\public\index.php(45): CodeIgniter\CodeIgniter->run()
#5 {main}
CRITICAL - 2020-11-15 20:06:20 --> Undefined property: stdClass::$description
#0 D:\xampp\htdocs\assignment1\app\Controllers\Paris.php(28): CodeIgniter\Debug\Exceptions->errorHandler(8, 'Undefined prope...', 'D:\\xampp\\htdocs...', 28, Array)
#1 D:\xampp\htdocs\assignment1\system\CodeIgniter.php(914): App\Controllers\Paris->index()
#2 D:\xampp\htdocs\assignment1\system\CodeIgniter.php(400): CodeIgniter\CodeIgniter->runController(Object(App\Controllers\Paris))
#3 D:\xampp\htdocs\assignment1\system\CodeIgniter.php(308): CodeIgniter\CodeIgniter->handleRequest(NULL, Object(Config\Cache), false)
#4 D:\xampp\htdocs\assignment1\public\index.php(45): CodeIgniter\CodeIgniter->run()
#5 {main}
CRITICAL - 2020-11-15 20:09:32 --> Undefined property: stdClass::$description
#0 D:\xampp\htdocs\assignment1\app\Controllers\Paris.php(28): CodeIgniter\Debug\Exceptions->errorHandler(8, 'Undefined prope...', 'D:\\xampp\\htdocs...', 28, Array)
#1 D:\xampp\htdocs\assignment1\system\CodeIgniter.php(914): App\Controllers\Paris->index()
#2 D:\xampp\htdocs\assignment1\system\CodeIgniter.php(400): CodeIgniter\CodeIgniter->runController(Object(App\Controllers\Paris))
#3 D:\xampp\htdocs\assignment1\system\CodeIgniter.php(308): CodeIgniter\CodeIgniter->handleRequest(NULL, Object(Config\Cache), false)
#4 D:\xampp\htdocs\assignment1\public\index.php(45): CodeIgniter\CodeIgniter->run()
#5 {main}
CRITICAL - 2020-11-15 20:09:37 --> Undefined property: stdClass::$description
#0 D:\xampp\htdocs\assignment1\app\Controllers\Paris.php(28): CodeIgniter\Debug\Exceptions->errorHandler(8, 'Undefined prope...', 'D:\\xampp\\htdocs...', 28, Array)
#1 D:\xampp\htdocs\assignment1\system\CodeIgniter.php(914): App\Controllers\Paris->index()
#2 D:\xampp\htdocs\assignment1\system\CodeIgniter.php(400): CodeIgniter\CodeIgniter->runController(Object(App\Controllers\Paris))
#3 D:\xampp\htdocs\assignment1\system\CodeIgniter.php(308): CodeIgniter\CodeIgniter->handleRequest(NULL, Object(Config\Cache), false)
#4 D:\xampp\htdocs\assignment1\public\index.php(45): CodeIgniter\CodeIgniter->run()
#5 {main}
CRITICAL - 2020-11-15 20:09:53 --> Undefined property: stdClass::$description
#0 D:\xampp\htdocs\assignment1\app\Controllers\Paris.php(28): CodeIgniter\Debug\Exceptions->errorHandler(8, 'Undefined prope...', 'D:\\xampp\\htdocs...', 28, Array)
#1 D:\xampp\htdocs\assignment1\system\CodeIgniter.php(914): App\Controllers\Paris->index()
#2 D:\xampp\htdocs\assignment1\system\CodeIgniter.php(400): CodeIgniter\CodeIgniter->runController(Object(App\Controllers\Paris))
#3 D:\xampp\htdocs\assignment1\system\CodeIgniter.php(308): CodeIgniter\CodeIgniter->handleRequest(NULL, Object(Config\Cache), false)
#4 D:\xampp\htdocs\assignment1\public\index.php(45): CodeIgniter\CodeIgniter->run()
#5 {main}
CRITICAL - 2020-11-15 20:09:55 --> Undefined property: stdClass::$description
#0 D:\xampp\htdocs\assignment1\app\Controllers\Paris.php(28): CodeIgniter\Debug\Exceptions->errorHandler(8, 'Undefined prope...', 'D:\\xampp\\htdocs...', 28, Array)
#1 D:\xampp\htdocs\assignment1\system\CodeIgniter.php(914): App\Controllers\Paris->index()
#2 D:\xampp\htdocs\assignment1\system\CodeIgniter.php(400): CodeIgniter\CodeIgniter->runController(Object(App\Controllers\Paris))
#3 D:\xampp\htdocs\assignment1\system\CodeIgniter.php(308): CodeIgniter\CodeIgniter->handleRequest(NULL, Object(Config\Cache), false)
#4 D:\xampp\htdocs\assignment1\public\index.php(45): CodeIgniter\CodeIgniter->run()
#5 {main}
CRITICAL - 2020-11-15 22:24:41 --> Undefined property: stdClass::$age
#0 D:\xampp\htdocs\assignment1\app\Controllers\Paris.php(28): CodeIgniter\Debug\Exceptions->errorHandler(8, 'Undefined prope...', 'D:\\xampp\\htdocs...', 28, Array)
#1 D:\xampp\htdocs\assignment1\system\CodeIgniter.php(914): App\Controllers\Paris->index()
#2 D:\xampp\htdocs\assignment1\system\CodeIgniter.php(400): CodeIgniter\CodeIgniter->runController(Object(App\Controllers\Paris))
#3 D:\xampp\htdocs\assignment1\system\CodeIgniter.php(308): CodeIgniter\CodeIgniter->handleRequest(NULL, Object(Config\Cache), false)
#4 D:\xampp\htdocs\assignment1\public\index.php(45): CodeIgniter\CodeIgniter->run()
#5 {main}
